e:\2 course\ооп\4 семестр\tic-tac-toe-game\8 лаба\x64\debug\vc142.pdb
e:\2 course\ооп\4 семестр\tic-tac-toe-game\8 лаба\x64\debug\vc142.idb
e:\2 course\ооп\4 семестр\tic-tac-toe-game\8 лаба\x64\debug\thirdlevel.obj
e:\2 course\ооп\4 семестр\tic-tac-toe-game\8 лаба\x64\debug\source.obj
e:\2 course\ооп\4 семестр\tic-tac-toe-game\8 лаба\x64\debug\secondlevel.obj
e:\2 course\ооп\4 семестр\tic-tac-toe-game\8 лаба\x64\debug\interface.obj
e:\2 course\ооп\4 семестр\tic-tac-toe-game\8 лаба\x64\debug\header.obj
e:\2 course\ооп\4 семестр\tic-tac-toe-game\8 лаба\x64\debug\game.obj
e:\2 course\ооп\4 семестр\tic-tac-toe-game\8 лаба\x64\debug\firstlevel.obj
e:\2 course\ооп\4 семестр\tic-tac-toe-game\8 лаба\x64\debug\multiplayer.obj
e:\2 course\ооп\4 семестр\tic-tac-toe-game\x64\debug\8 лаба.pdb
e:\2 course\ооп\4 семестр\tic-tac-toe-game\8 лаба\x64\debug\8 лаба.tlog\cl.command.1.tlog
e:\2 course\ооп\4 семестр\tic-tac-toe-game\8 лаба\x64\debug\8 лаба.tlog\cl.read.1.tlog
e:\2 course\ооп\4 семестр\tic-tac-toe-game\8 лаба\x64\debug\8 лаба.tlog\cl.write.1.tlog
e:\2 course\ооп\4 семестр\tic-tac-toe-game\8 лаба\x64\debug\8 лаба.tlog\link.11916-cvtres.read.1.tlog
e:\2 course\ооп\4 семестр\tic-tac-toe-game\8 лаба\x64\debug\8 лаба.tlog\link.11916-cvtres.write.1.tlog
e:\2 course\ооп\4 семестр\tic-tac-toe-game\8 лаба\x64\debug\8 лаба.tlog\link.11916-rc.read.1.tlog
e:\2 course\ооп\4 семестр\tic-tac-toe-game\8 лаба\x64\debug\8 лаба.tlog\link.11916-rc.write.1.tlog
e:\2 course\ооп\4 семестр\tic-tac-toe-game\8 лаба\x64\debug\8 лаба.tlog\link.11916.read.1.tlog
e:\2 course\ооп\4 семестр\tic-tac-toe-game\8 лаба\x64\debug\8 лаба.tlog\link.11916.write.1.tlog
e:\2 course\ооп\4 семестр\tic-tac-toe-game\8 лаба\x64\debug\8 лаба.tlog\link.command.1.tlog
e:\2 course\ооп\4 семестр\tic-tac-toe-game\8 лаба\x64\debug\8 лаба.tlog\link.read.1.tlog
e:\2 course\ооп\4 семестр\tic-tac-toe-game\8 лаба\x64\debug\8 лаба.tlog\link.write.1.tlog
